Build started 12/3/2018 11:28:05 AM.
     1>Project "C:\Users\orion\source\repos\Lab 1 Lexer 236\Lab 1 Lexer 236\Lab 1 Lexer 236.vcxproj" on node 2 (Build target(s)).
     1>InitializeBuildStatus:
         Creating "Release\Lab 1 Lexer 236.tlog\unsuccessfulbuild" because "AlwaysCreate" was specified.
       ClCompile:
         C:\Program Files (x86)\Microsoft Visual Studio\2017\Community\VC\Tools\MSVC\14.11.25503\bin\HostX86\x86\CL.exe /c /Zi /nologo /W3 /WX- /diagnostics:classic /sdl /O2 /Oi /Oy- /GL /D _MBCS /Gm- /EHsc /MD /GS /Gy /fp:precise /Zc:wchar_t /Zc:forScope /Zc:inline /Fo"Release\\" /Fd"Release\vc141.pdb" /Gd /TP /analyze- /errorReport:prompt main.cpp
         main.cpp
       Link:
         C:\Program Files (x86)\Microsoft Visual Studio\2017\Community\VC\Tools\MSVC\14.11.25503\bin\HostX86\x86\link.exe /ERRORREPORT:PROMPT /OUT:"C:\Users\orion\source\repos\Lab 1 Lexer 236\Release\Lab 1 Lexer 236.exe" /NOLOGO kernel32.lib user32.lib gdi32.lib winspool.lib comdlg32.lib advapi32.lib shell32.lib ole32.lib oleaut32.lib uuid.lib odbc32.lib odbccp32.lib /MANIFEST /MANIFESTUAC:"level='asInvoker' uiAccess='false'" /manifest:embed /DEBUG:FULL /PDB:"C:\Users\orion\source\repos\Lab 1 Lexer 236\Release\Lab 1 Lexer 236.pdb" /OPT:REF /OPT:ICF /LTCG:incremental /TLBID:1 /DYNAMICBASE /NXCOMPAT /IMPLIB:"C:\Users\orion\source\repos\Lab 1 Lexer 236\Release\Lab 1 Lexer 236.lib" /MACHINE:X86 /SAFESEH Release\Lexer.obj
         Release\main.obj
         Generating code
         6 of 2430 functions ( 0.2%) were compiled, the rest were copied from previous compilation.
           0 functions were new in current compilation
           145 functions had inline decision re-evaluated but remain unchanged
         Finished generating code
         Lab 1 Lexer 236.vcxproj -> C:\Users\orion\source\repos\Lab 1 Lexer 236\Release\Lab 1 Lexer 236.exe
       FinalizeBuildStatus:
         Deleting file "Release\Lab 1 Lexer 236.tlog\unsuccessfulbuild".
         Touching "Release\Lab 1 Lexer 236.tlog\Lab 1 Lexer 236.lastbuildstate".
     1>Done Building Project "C:\Users\orion\source\repos\Lab 1 Lexer 236\Lab 1 Lexer 236\Lab 1 Lexer 236.vcxproj" (Build target(s)).
